<?xml version="1.0" encoding="UTF-8"?>
<!-- Generated by org.testng.reporters.JUnitReportReporter -->
<testsuite hostname="Lenovo-PC" failures="0" tests="1" name="ExtentReportWithTestNg" time="26.774" errors="0" timestamp="2022-05-31T00:32:46 IST" skipped="0">
  <testcase classname="ExtentReportWithTestNg" name="tests" time="26.774"/>
  <system-out/>
</testsuite> <!-- ExtentReportWithTestNg -->
