<?xml version="1.0" encoding="UTF-8"?>
<!-- Generated by org.testng.reporters.JUnitReportReporter -->
<testsuite hostname="Lenovo-PC" failures="0" tests="1" name="TestNgMAvenTest" time="9.345" errors="0" timestamp="2022-05-30T21:28:32 IST" skipped="0">
  <testcase classname="TestNgMAvenTest" name="runtest" time="9.345"/>
  <system-out/>
</testsuite> <!-- TestNgMAvenTest -->
