<?xml version="1.0" encoding="UTF-8"?>
<!-- Generated by org.testng.reporters.JUnitReportReporter -->
<testsuite hostname="Lenovo-PC" failures="0" tests="1" name="WebTest" time="21.027" errors="0" timestamp="2022-05-30T21:27:37 IST" skipped="0">
  <testcase classname="WebTest" name="runtest" time="21.027"/>
  <system-out/>
</testsuite> <!-- WebTest -->
