<?xml version="1.0" encoding="UTF-8"?>
<!-- Generated by org.testng.reporters.JUnitReportReporter -->
<testsuite hostname="Lenovo-PC" failures="0" tests="1" name="TestNgMAvenTest" time="8.586" errors="0" timestamp="2022-06-01T11:30:59 IST" skipped="0">
  <testcase classname="TestNgMAvenTest" name="runtest" time="8.586"/>
  <system-out/>
</testsuite> <!-- TestNgMAvenTest -->
